enumerating base posets (n = 9)…
183231 base posets [32222ms]
  …3156/183231 base posets, 314950 candidates, 0 extremal, 0 below [15s]
  …9032/183231 base posets, 720657 candidates, 0 extremal, 0 below [30s]
  …14943/183231 base posets, 1127197 candidates, 0 extremal, 0 below [45s]
  …22188/183231 base posets, 1545051 candidates, 0 extremal, 0 below [60s]
  …31388/183231 base posets, 1984570 candidates, 0 extremal, 0 below [75s]
  …40783/183231 base posets, 2450699 candidates, 0 extremal, 0 below [90s]
  …48569/183231 base posets, 2903057 candidates, 0 extremal, 0 below [105s]
  …57747/183231 base posets, 3354891 candidates, 0 extremal, 0 below [120s]
  …68068/183231 base posets, 3834701 candidates, 0 extremal, 0 below [135s]
  …79259/183231 base posets, 4302867 candidates, 0 extremal, 0 below [150s]
  …92358/183231 base posets, 4790354 candidates, 0 extremal, 0 below [165s]
  …106254/183231 base posets, 5289812 candidates, 0 extremal, 0 below [180s]
  …115583/183231 base posets, 5752671 candidates, 0 extremal, 0 below [195s]
  …127575/183231 base posets, 6234665 candidates, 0 extremal, 0 below [210s]
  …140919/183231 base posets, 6726451 candidates, 0 extremal, 0 below [225s]
  …157532/183231 base posets, 7266361 candidates, 0 extremal, 0 below [240s]
  …174025/183231 base posets, 7813952 candidates, 9 extremal, 0 below [255s]

n=10 sweep complete in 261.6s
candidates (with multiplicity): 8070524 — every 10-element poset covered ≥ once
chains skipped: 1; full scans (no pair above 1/3): 45
posets BELOW 1/3: 0 — conjecture verified at n = 10
extremal (exactly-1/3) posets, deduped canonically: 27
   {0<2 1<3 2<3 1<4 2<4 3<5 4<6 5<6 4<7 5<7 6<8 7<9 8<9 (e=27)}
   {0<2 1<3 2<3 1<4 2<4 3<5 4<6 5<6 6<7 6<8 7<9 (e=27)}
   {0<2 1<3 2<3 1<4 2<4 3<5 4<6 5<6 6<7 7<8 8<9 (e=9)}
   {0<2 1<3 2<3 3<4 3<5 4<6 5<7 6<7 5<8 6<8 7<9 (e=27)}
   {0<2 1<3 2<3 3<4 3<5 4<6 5<7 6<7 7<8 8<9 (e=9)}
   {0<2 1<3 2<3 3<4 4<5 4<6 5<7 6<8 7<8 8<9 (e=9)}
   {0<2 1<3 2<3 3<4 4<5 5<6 5<7 6<8 7<9 8<9 (e=9)}
   {0<2 1<3 2<3 3<4 4<5 5<6 6<7 6<8 7<9 (e=9)}
   {0<2 1<3 2<3 3<4 4<5 5<6 6<7 7<8 8<9 (e=3)}
   {0<1 0<2 1<3 2<4 3<4 2<5 3<5 4<6 5<7 6<7 5<8 6<8 7<9 (e=27)}
   {0<1 0<2 1<3 2<4 3<4 2<5 3<5 4<6 5<7 6<7 7<8 8<9 (e=9)}
   {0<1 0<2 1<3 2<4 3<4 4<5 4<6 5<7 6<8 7<8 8<9 (e=9)}
   {0<1 0<2 1<3 2<4 3<4 4<5 5<6 5<7 6<8 7<9 8<9 (e=9)}
   {0<1 0<2 1<3 2<4 3<4 4<5 5<6 6<7 6<8 7<9 (e=9)}
   {0<1 0<2 1<3 2<4 3<4 4<5 5<6 6<7 7<8 8<9 (e=3)}
   {0<1 1<2 1<3 2<4 3<5 4<5 3<6 4<6 5<7 6<8 7<8 8<9 (e=9)}
   {0<1 1<2 1<3 2<4 3<5 4<5 5<6 5<7 6<8 7<9 8<9 (e=9)}
   {0<1 1<2 1<3 2<4 3<5 4<5 5<6 6<7 6<8 7<9 (e=9)}
   {0<1 1<2 1<3 2<4 3<5 4<5 5<6 6<7 7<8 8<9 (e=3)}
   {0<1 1<2 2<3 2<4 3<5 4<6 5<6 4<7 5<7 6<8 7<9 8<9 (e=9)}
   {0<1 1<2 2<3 2<4 3<5 4<6 5<6 6<7 6<8 7<9 (e=9)}
   {0<1 1<2 2<3 2<4 3<5 4<6 5<6 6<7 7<8 8<9 (e=3)}
   {0<1 1<2 2<3 3<4 3<5 4<6 5<7 6<7 5<8 6<8 7<9 (e=9)}
   {0<1 1<2 2<3 3<4 3<5 4<6 5<7 6<7 7<8 8<9 (e=3)}
   {0<1 1<2 2<3 3<4 4<5 4<6 5<7 6<8 7<8 8<9 (e=3)}
   {0<1 1<2 2<3 3<4 4<5 5<6 5<7 6<8 7<9 8<9 (e=3)}
   {0<1 1<2 2<3 3<4 4<5 5<6 6<7 6<8 7<9 (e=3)}

extremal census sequence now: 1, 2, 3, 5, 8, 12, 18, 27
